[  0.000000] Initializing cgrp subsys cpuset
[   0.00000] Initializing cgroup subsys pu
[    0.000000] Initializing cgroup subsys cpuacct
[    0.000000] Linux version 4.4.0-170-generic (buildd@lcy01-amd64-019) (gcc version 5.4.0 20160609 (Ubuntu 5.4.0-6ubuntu1~16.04.12) ) #199-Ubuntu SMP Thu Nov 14 01:45:04 UTC 2019 (Ubuntu 4.4.0-170.199-generic 4.4.200)
[    0.000000] Command line: BOOT_IMAGE=/boot/vmlinuz-4.4.0-170-generic root=LABEL=cloudimg-rootfs ro console=tty1 console=ttyS0
[    0.000000] KERNEL supported cpus:
[    0.000000]   Intel GenuineIntel
[    0.000000]   AMD AuthenticAMD
[    0.000000]   Centaur CentaurHauls
[    0.000000] x86/fpu: xstate_offset[2]:  576, xstate_sizes[2]:  256
[    0.000000] x86/fpu: Supporting XSAVE feature 0x01: 'x87 floating point registers'
[    0.000000] x86/fpu: SuppotingXSA featur 0x02: 'SSE registers'
[    0.000000] x86/fpu: Supporting XSAVE eatue 04: 'VX regstrs'
    00000] x6/fp: Enle xstate features 0x7, context size is 832 bytes, using 'standard' format.
[    0.000000] e820: BIOS-provided physical RAM map:
[    0.000000] BIOS-e820: [mem 0x0000000000000000-0x0000000009ff] able
    00000] BIS-e80:[mem0x0000000009fc0-0x000000009fff reserved
[  0.0000]IOS-e820: [mem 0x00000000000f0000-0x00000000000fffff] reserve
[    0.000000] BIOS-e820: [mem 0x0000000000100000-0x000000003ffeffff] usable
[    0.000000] BIOS-e820: [mem 0x000000003fff0000-0x000000003fffffff] ACPI data
[    0.000000] BIOS-e820: [mem 0x00000000fec00000-0x00000000fec00fff] reserved
[    0.000000] BIOS-e820: [mem 0x00000000fee00000-x000000fee0ff] rservd
[   0.00000] BIOS-e820: [mem 0x00000000fffc0000-0x00000000ffffff]eserved
[   0.000000] NX (Execute Disable) protection: active
[    0.000000] SMBIOS 2.5 present.
[   0.000000] Hypervisor detected: KVM[   0.0000] Kenel/se page tabes isolation: disabled
[    0.000000] e820: last_pfn = 0x3fff0 max_arch_pfn = 0x400000000
[    0.000000] MTRR: Disabled
[    0.000000] x86/PAT: MTRRs disabled, skipping PAT initialization too.
[    0.000000] CPU MTRRs all blank - virtualized system.
[    0.000000] x86/PAT: Configuration [0-7]: WB  WT  UC- UC  WB  WT  UC- UC  
[    0.000000] founSMP -table at [mem 0x0009ff-00009ffff] mapped at [ffff88000009fff0]
[    0.000000] Scanning 1 areas for low memory corruption
[    0.000000] RAMDISK: [mem 0x362f4000-0x37171fff]
[    0.000000] ACPI: Early table checksum verification disabled
[    0.000000] ACPI: RSDP 0x00000000000E0000 000024 (v02 VBOX  )
[    0.000000] ACPI: XSDT 0x000000003FFF0030 0000 (v01 OX  VBOXDT 0000001 ASL  00000061)
[    0.000000] ACPI: FACP 0x000000003FFF00F0 0000F4 (v04 VBOX   VBOXFACP 00000001 ASL  00000061)
[    0.000000] ACPI: DSDT 0x000000003FFF0470 0021FF (v02 VBOX   VBOXBIOS 00000002 INTL 20100528)
[    0.000000] ACPI: FACS 0x000000003FFF0200 000040
[    0.000000] ACPI: FACS 0x000000003FFF0200 000040
[    0.000000] ACPI: APIC 0x000000003FFF0240 00005C (v02 VBOX   VBOXAPIC 00000001 ASL  00000061)
[    0.000000] ACPI: SSDT 0x000000003FFF02A0 0001CC (v01 VBOX   VBOXCPUT 00000002 INTL 20100528)
[    0.000000] No NUMA configuration found
[    0.000000] Faking a node at [mem 0x0000000000000000-0x000000003ffeffff]
[    0.000000] NODE_DATA(0) allocate [mem 0x3ffeb000-0x3ffeffff]
[   0.00000] kvm-lock Usig msrs4b564d01 and 4b56d0
[    0.000000] kvm-clock: cpu 0, msr 0:3ffe3001primy cpucloc
    0.000000] kvm-clock: usng sed offset of 4203009062 cycls
[    0.000000] clocksource: kvm-clock: mask: 0xffffffffffffffff max_cycles: 0x1cd42e4dffb, max_idle_ns: 881590591483 ns
[    0.000000] Zone ranges:
[    0.000000]   DMA      [mem 0x0000000000001000-0x0000000000ffffff]
[    0.000000]   DMA32    [mem 0x0000000001000000-0x000000003ffeffff]
[    0.000000]   Normal   empty
[    0.000000]   Device   empty
[    0.000000] Movabe zone start for each node
[    0.000000] Early memory node ranges
[    0.000000]   node   0: [mem 0x0000000000001000-0x000000000009efff]
[    0.000000]   node   0: [mem 0x0000000000100000-0x000000003ffeffff]
[    0.000000] Initmem setup node 0 [mem 0x0000000000001000-0x000000003ffeffff]
[    0.000000] ACPI: PM-Timer IO Port: 0x408
[   0.0000]IOPIC[]: apic_id 2, version 32, addres 0xfec000, GI 0-3
[   0.00000]ACPIINT_SRC_OVR (bus 0 bus_irq 0 global_irq 2 dfl dfl)
[    0.000000] ACPI: INT_SRC_OVR (bus 0 bus_irq 9 global_irq 9 low level)
[    0.000000] Using ACPI (MADT) for SM configurationinormaion[    000000] smpboot: Allowing 2 CPUs, 0 hotplug CPUs
[    0.000000] PM: Registered nosave memory: [mem 0x00000000-0x000fff]
[    .000000] PM: Registered nosave memory: [mem 0x0009f000-0x0009ffff]
[    0.000000] PM: Registered nosave memory: [mem 0x000a0000-0x000effff]
[    0.000000] PM: Registered nosave memory: [mem 0x000f0000-0x000fffff]
[    0.000000] e820: [mem 0x40000000-0xfebfffff] available for PCI devices
[    0.000000] Booting paravirtualized kernel on KVM
[    0.000000] clocksource: refined-jiffies: mask: 0xffffffff max_cycles: 0xffffffff, max_idle_ns: 7645519600211568 ns
[    0.000000] setup_percpu: NR_CPUS:512 nr_cpumask_bits:512 nr_cpu_ids:2 nr_node_ids:1
[    0.000000] PERCPU: Emeded 3page/cpu @ffff88003fc00000 s95448 r8192 d31528 u1048576
   0.0000] Bult 1onelsts inNodeorde, moilit groing on.  Total pages: 257912
[    0.000000] Policy zone: DMA32
[  0.000000] Kernel command line:BOOIMAGE/boo/vmlinuz-4.4.0-170-generic root=LABEL=cloudimg-rootfs ro console=tty1 console=ttyS0
[    0.000000] PID hash table entries: 4096 (order: 3, 32768 bytes)
[    0.000000] Memory: 997716K/1048120K available (8626K kernel code, 1336K rwdata, 4036K rodata, 1488K init, 1288K bss, 50404K reserved, 0K cma-reserved)
[    0.000000] SLUB: HWalign=64, Order=0-3, MinObjects=0, CPUs=2, Nodes=1
[    0.00000 HierarchicalRCU implementation.
[    0.000000]Buld-tme adjustment of af fnouto64.   0.0000] RC resrictg CPUs fm NRCPUS12 tnr_c_is=2.
[    0.000000] RCU: Adjusting geometry for rcu_fanout_leaf=64, nr_cpu_ids=2
[    0.000000] NR_IRQS:33024 nr_irqs:440 16
[    0.000000] Console: colour VGA+ 80x25
[    0.000000] console [tty1] enabled
[    0.000000] console [ttyS0] enabled
[    0.000000] tsc: Detected 1991.998 MHz processor
[   .561043] Calibrating delay loop (skipped) preset value.. 3983.99 BogoMIPS (lpj=7967992)
[    7.835957] pid_max: default: 32768 minimum: 301
[    7.892978] ACPI: Core revision 20150930
[    7.898532] ACPI: 2 ACPI AML tables successfully acquired and loaded
[    7.900198] Security Framework initialized
[    7.901301] Yama: becoming mindful.
[    7.902463] AppArmor: AppArmor initialized
[    7.903849] Dentry cache hash table entries: 131072 (order: 8, 1048576 bytes)
[    7.912593] Inode-cache hash table entries: 65536 (order: 7, 524288 bytes)
[    7.919902] Mount-cache hash table entries: 2048 (order: 2, 16384 bytes)
[    7.922249] Mountpoint-cache hash table entries: 2048 (order: 2, 16384 bytes)
[    7.924893] Initializing cgroup subsys io
[    7.926448] Initializing cgroup subsys memory
[    7.928069] Initializing cgroup subsys devices
[    7.936010] Initializing cgroup subsys freezer
[    7.937713] Initializing cgroup subsys net_cls
[    7.939383] Initializing cgroup subsys perf_event
[    7.941094] Initializing cgroup subsys net_prio
[    7.942844] Initializing cgroup subsys hugetlb
[    7.944525] Initializing cgroup subsys pids
[    7.955055] mce: CPU supports 0 MCE banks
[    7.956637] Last level iTLB entries: 4KB 64, 2MB 8, 4MB 8
[    7.958598] Last level dTLB entries: 4KB 64, 2MB 0, 4MB 0, 1GB 4
[    7.967480] Spectre V1 : Mitigation: usercopy/swapgs barriers and __user pointer sanitization
[    8.185695] Spectre V2 : Mitigation: Enhanced IBRS
[    8.212004] Spectre V2 : Spectre v2 / SpectreRSB mitigation: Filling RSB on context switch
[    8.370132] Speculative Store Bypass: Vulnerable
[    8.419837] Freeing SMP alternatives memory: 36K
[    8.461044] ftrace: allocating 32302 entries in 127 pages
[    8.542772] smpboot: APIC(0) Converting physical 0 to logical package 0
[    8.601513] smpboot: Max logical packages: 1
[    8.609983] x2apic enabled
[    8.612914] Switched APIC routing to physical x2apic.
[    8.615494] ..TIMER: vector=0x30 apic1=0 pin1=2 apic2=-1 pin2=-1
[    8.724834] smpboot: CPU0: Intel(R) Core(TM) i7-8565U CPU @ 1.80GHz (family: 0x6, model: 0x8e, stepping: 0xc)
[    8.833884] Performance Events: unsupported p6 CPU model 142 no PMU driver, software events only.
[    8.854707] KVM setup paravirtual spinlock
[    8.857594] x86: Booting SMP configuration:
[    8.859229] .... node  #0, CPUs:      #1
[    8.860931] kvm-clock: cpu 1, msr 0:3ffe3041, secondary cpu clock
[    8.867790] mce: CPU supports 0 MCE banks
[    8.870885] x86: Booted up 1 node, 2 CPUs
[    8.872807] smpboot: Total of 2 processors activated (7967.99 BogoMIPS)
[    8.875915] devtmpfs: initialized
[    8.962603] evm: security.selinux
[    9.056276] evm: security.SMACK64
[    9.150148] evm: security.SMACK64EXEC
[    9.158063] evm: security.SMACK64TRANSMUTE
[    9.159143] evm: security.SMACK64MMAP
[    9.160125] evm: security.ima
[    9.160992] evm: security.capability
[    9.162256] clocksource: jiffies: mask: 0xffffffff max_cycles: 0xffffffff, max_idle_ns: 7645041785100000 ns
[    9.263134] futex hash table entries: 512 (order: 3, 32768 bytes)
[    9.334943] pinctrl core: initialized pinctrl subsystem
[    9.404227] RTC time: 11:38:11, date: 12/17/19
[    9.411731] NET: Registered protocol family 16
[    9.428623] cpuidle: using governor ladder
[    9.501435] cpuidle: using governor menu
[    9.527658] PCCT header not found.
[    9.598902] ACPI: bus type PCI registered
[    9.646366] acpiphp: ACPI Hot Plug PCI Controller Driver version: 0.5
[    9.647927] PCI: Using configuration type 1 for base access
[    9.663662] ACPI: Added _OSI(Module Device)
[    9.683660] ACPI: Added _OSI(Processor Device)
[    9.684404] ACPI: Added _OSI(3.0 _SCP Extensions)
[    9.685106] ACPI: Added _OSI(Processor Aggregator Device)
[    9.687021] ACPI: Executed 1 blocks of module-level executable AML code
[    9.689520] ACPI: Interpreter enabled
[    9.776517] ACPI: (supports S0 S5)
[    9.805589] ACPI: Using IOAPIC for interrupt routing
[    9.847648] PCI: Using host bridge windows from ACPI; if necessary, use "pci=nocrs" and report a bug
[    9.855595] ACPI: PCI Root Bridge [PCI0] (domain 0000 [bus 00-ff])
[    9.857334] acpi PNP0A03:00: _OSC: OS supports [ASPM ClockPM Segments MSI]
[    9.858946] acpi PNP0A03:00: _OSC: not requesting OS control; OS requires [ExtendedConfig ASPM ClockPM MSI]
[    9.861238] acpi PNP0A03:00: fail to add MMCONFIG information, can't access extended PCI configuration space under this bridge.
[    9.875256] PCI host bridge to bus 0000:00
[    9.876854] pci_bus 0000:00: root bus resource [io  0x0000-0x0cf7 window]
[    9.879468] pci_bus 0000:00: root bus resource [io  0x0d00-0xffff window]
[   10.020719] pci_bus 0000:00: root bus resource [mem 0x000a0000-0x000bffff window]
[   10.022974] pci_bus 0000:00: root bus resource [mem 0x40000000-0xfdffffff window]
[   10.025123] pci_bus 0000:00: root bus resource [bus 00-ff]
[   10.041534] pci 0000:00:01.1: legacy IDE quirk: reg 0x10: [io  0x01f0-0x01f7]
[   10.043166] pci 0000:00:01.1: legacy IDE quirk: reg 0x14: [io  0x03f6]
[   10.044644] pci 0000:00:01.1: legacy IDE quirk: reg 0x18: [io  0x0170-0x0177]
[   10.046204] pci 0000:00:01.1: legacy IDE quirk: reg 0x1c: [io  0x0376]
[   10.072363] pci 0000:00:07.0: quirk: [io  0x4000-0x403f] claimed by PIIX4 ACPI
[   10.221035] pci 0000:00:07.0: quirk: [io  0x4100-0x410f] claimed by PIIX4 SMB
[   10.236889] ACPI: PCI Interrupt Link [LNKA] (IRQs 5 9 10 *11)
[   10.369979] ACPI: PCI Interrupt Link [LNKB] (IRQs 5 9 *10 11)
[   10.524834] ACPI: PCI Interrupt Link [LNKC] (IRQs 5 *9 10 11)
[   10.606821] ACPI: PCI Interrupt Link [LNKD] (IRQs 5 9 10 *11)
[   10.674241] ACPI: Enabled 2 GPEs in block 00 to 07
[   10.676379] vgaarb: setting as boot device: PCI:0000:00:02.0
[   10.709621] vgaarb: device added: PCI:0000:00:02.0,decodes=io+mem,owns=io+mem,locks=none
[   10.711056] vgaarb: loaded
[   10.734675] vgaarb: bridge control possible 0000:00:02.0
[   10.829336] SCSI subsystem initialized
[   10.949027] ACPI: bus type USB registered
[   11.036731] usbcore: registered new interface driver usbfs
[   11.065265] usbcore: registered new interface driver hub
[   11.066299] usbcore: registered new device driver usb
[   11.073860] PCI: Using ACPI for IRQ routing
[   11.074990] NetLabel: Initializing
[   11.075715] NetLabel:  domain hash size = 128
[   11.076527] NetLabel:  protocols = UNLABELED CIPSOv4
[   11.077418] NetLabel:  unlabeled traffic allowed by default
[   11.078497] amd_nb: Cannot enumerate AMD northbridges
[   11.079426] clocksource: Switched to clocksource kvm-clock
[   11.090045 AppArmor: AppArmor Filesystem Enabled
[   11.118625] pnp: PnP ACPI init
[   11.120448] pnp: PnP ACPI: found 3 devices

[   11.130095] clocksource: acpi_pm: mask: 0xffffff max_cycles: 0xffffff, max_idle_ns: 2085701024 ns
[   11.131945] NET: Registered protocol family 2
[   11.132827] TCP established hash table entries: 8192 (order: 4, 65536 bytes)
[   11.141457] TCP bind hash table entries: 8192 (order: 5, 131072 bytes)
[   11.143103] TCP: Hash tables configured (established 8192 bind 8192)
[   11.144763] UDP hash table entries: 512 (order: 2, 16384 bytes)
[  1.61] P-teastae enries: 512 (order: 2, 16384 bytes)
[   11.795352] NET: Registered protocol family 1
[   11.796520] pci 0000:00:00.0: Limiting direct PCI/PCI transfers
[   11.797942] pci 0000:00:01.0: Activating ISA DMA hang workarounds
[   11.802022] Unpacking initramfs...
[   12.364110] Freeing initrd memory: 14840K
[   12.494209] clocksource: tsc: mask: 0xffffffffffffffff max_cycles: 0x396d4e5fc9d, max_idle_ns: 881590756024 ns
[   12.649488] platform rtc_cmos: registered platform RTC device (no PNP device found)
[   12.657991] Scanning for low memory corruption every 60 seconds
[   12.660070] audit: initializing netlink subsys (disabled)
[   12.728858] audit: type=2000 audit(1576582690.288:1): initialized
[   12.731012] Initialise system trusted keyring
[   12.732645] HugeTLB registered 2 MB page size, pre-allocated 0 pages
[   12.793942] zbud: loaded
[   12.851568] VFS: Disk quotas dquot_6.6.0
[   12.852394] VFS: Dquot-cache hash table entries: 512 (order 0, 4096 bytes)
[   12.853988] squashfs: version 4.0 (2009/01/31) Phillip Lougher
[   12.855229] fuse init (API version 7.23)
[   12.856353] Key type big_key registered
[   12.860292] Allocating IMA MOK and blacklist keyrings.
[   12.865567] Key type asymmetric registered
[   12.876396] Asymmetric key parser 'x509' registered
[   12.916671] Block layer SCSI generic (bsg) driver version 0.4 loaded (major 249)
[   12.983241] io scheduler noop registered
[   12.991789] io scheduler deadline registered (default)
  3.83]  scheduler cfq registered

[   .393 p_hotplug: PCI Hot Plug PCI Core version: 0.5
[   13.679932] pciehp: PCI Express Hot Plug Controller Driver version: 0.4
[   13.733069] ACPI: AC Adapter [AC] (off-line)
[   13.734232] input: Power Button as /devices/LNXSYSTM:00/LNXPWRBN:00/input/input0
[   13.749733] ACPI: Power Button [PWRF]
[   13.751417] input: Sleep Button as /devices/LNXSYSTM:00/LNXSLPBN:00/input/input1
[   13.754354] ACPI: Sleep Button [SLPF]
[   13.7624] ES: HEST is not enabled!

[   13.763785] ACPI: Battery Slot [BAT0] (battery present)
[   13.925349] Serial: 8250/16550 driver, 32 ports, IRQ sharing enabled
[   13.959028] 00:02: ttyS0 at I/O 0x3f8 (irq = 4, base_baud = 115200) is a 16550A
[   13.970915] Linux agpgart interface v0.103
[   13.975416] loop: module loaded
[   14.088655] scsi host0: ata_piix
[   14.141290] scsi host1: ata_piix
[   14.201081] ata1: PATA max UDMA/33 cmd 0x1f0 ctl 0x3f6 bmdma 0xd000 irq 14
[   14.216982] ata2: PATA max UDMA/33 cmd 0x170 ctl 0x376 bmdma 0xd008 irq 15
[   14.255887] libphy: Fixed MDIO Bus: probed
[   14.320559] tun: Universal TUN/TAP device driver, 1.6
[   14.405675] tun: (C) 1999-2004 Max Krasnyansky <maxk@qualcomm.com>
[   14.634886] PPP generic driver version 2.4.2
[   14.666954] ehci_hcd: USB 2.0 'Enhanced' Host Controller (EHCI) Driver
[   14.676780] ehci-pci: EHCI PCI platform driver
[   14.732795] ehci-platform: EHCI generic platform driver
[   14.832700] ohci_hcd: USB 1.1 'Open' Host Controller (OHCI) Driver
[   14.893723] ohci-pci: OHCI PCI platform driver
[   14.922324] ohci-platform: OHCI generic platform driver
[   14.970974] uhci_hcd: USB Universal Host Controller Interface driver
[   14.973276] i8042: PNP: PS/2 Controller [PNP0303:PS2K,PNP0f03:PS2M] at 0x60,0x64 irq 1,12
[   15.040998] serio: i8042 KBD port at 0x60,0x64 irq 1
[   15.214733] serio: i8042 AUX port at 0x60,0x64 irq 12
[   15.283983] mousedev: PS/2 mouse device common for all mice
[   15.391653] rtc_cmos rtc_cmos: rtc core: registered rtc_cmos as rtc0
[   15.503573] rtc_cmos rtc_cmos: alarms up to one day, 114 bytes nvram
[   15.550422] input: AT Translated Set 2 keyboard as /devices/platform/i8042/serio0/input/input2
[   15.619004] i2c /dev entries driver
[   15.636932] device-mapper: uevent: version 1.0.3
[   15.681111] device-mapper: ioctl: 4.34.0-ioctl (2015-10-28) initialised: dm-devel@redhat.com
[   15.723269] ledtrig-cpu: registered to indicate activity on CPUs
[   15.739373] NET: Registered protocol family 10
[   15.783270] NET: Registered protocol family 17
[   15.827087] Key type dns_resolver registered
[   15.876960] registered taskstats version 1
[   15.921664] Loading compiled-in X.509 certificates
[   15.939757] Loaded X.509 cert 'Build time autogenerated kernel key: f0e56e97f406068ace47a9bf54316e9855aaaa43'
[   15.958418] zswap: loaded using pool lzo/zbud
[   15.993324] Key type trusted registered
[   16.006450] Key type encrypted registered
[   16.007418] AppArmor: AppArmor sha1 policy hashing enabled
[   16.008532] ima: No TPM chip found, activating TPM-bypass!
[   16.009659] ima: Allocated hash algorithm: sha1
[   16.010555] evm: HMAC attrs: 0x1
[   16.027279]   Magic number: 15:62:631
[   16.035966] rtc_cmos rtc_cmos: setting system clock to 2019-12-17 11:38:18 UTC (1576582698)
[   16.038097] BIOS EDD facility v0.16 2004-Jun-25, 0 devices found
[   16.039184] EDD information not available.
[   16.048596] Freeing unused kernel memory: 1488K
[   16.076001] Write protecting the kernel read-only data: 14336k
[   16.179760] Freeing unused kernel memory: 1604K
[   16.317563] Freeing unused kernel memory: 60K
Loading, please wait...
starting version 229
[   16.482253] random: systemd-udevd: uninitialized urandom read (16 bytes read, 5 bits of entropy available)
[   16.483197] random: udevadm: uninitialized urandom read (16 bytes read, 5 bits of entropy available)
[   16.483222] random: udevadm: uninitialized urandom read (16 bytes read, 5 bits of entropy available)
[   16.491675] random: udevadm: uninitialized urandom read (16 bytes read, 5 bits of entropy available)
[   16.491699] random: udevadm: uninitialized urandom read (16 bytes read, 5 bits of entropy available)
[   16.491769] random: udevadm: uninitialized urandom read (16 bytes read, 5 bits of entropy available)
[   16.491795] random: udevadm: uninitialized urandom read (16 bytes read, 5 bits of entropy available)
[   16.491819] random: udevadm: uninitialized urandom read (16 bytes read, 5 bits of entropy available)
[   16.491845] random: udevadm: uninitialized urandom read (16 bytes read, 5 bits of entropy available)
[   16.491870] random: udevadm: uninitialized urandom read (16 bytes read, 5 bits of entropy available)
[   17.132908] e1000: Intel(R) PRO/1000 Network Driver - version 7.3.21-k8-NAPI
[   17.248513] e1000: Copyright (c) 1999-2006 Intel Corporation.
[   17.265243] Fusion MPT base driver 3.04.20
[   17.280405] Copyright (c) 1999-2008 LSI Corporation
[   17.396489] Fusion MPT SPI Host driver 3.04.20
[   17.436274] AVX2 version of gcm_enc/dec engaged.
[   17.561328] AES CTR mode by8 optimization enabled
[   17.719967] input: ImExPS/2 Generic Explorer Mouse as /devices/platform/i8042/serio1/input/input4
[   17.900946] e1000 0000:00:03.0 eth0: (PCI:33MHz:32-bit) 02:4f:25:6a:cc:77
[   18.147186] e1000 0000:00:03.0 eth0: Intel(R) PRO/1000 Network Connection
[   18.163283] mptbase: ioc0: Initiating bringup
[   18.228712] ioc0: LSI53C1030 A0: Capabilities={Initiator}
[   18.584638] scsi host2: ioc0: LSI53C1030 A0, FwRev=00000000h, Ports=1, MaxQ=256, IRQ=20
[   18.734058] scsi 2:0:0:0: Direct-Access     VBOX     HARDDISK         1.0  PQ: 0 ANSI: 5
[   18.966058] scsi target2:0:0: Beginning Domain Validation
[   19.139777] scsi target2:0:0: Domain Validation skipping write tests
[   19.165545] e1000 0000:00:08.0 eth1: (PCI:33MHz:32-bit) 08:00:27:d3:16:1f
[   19.165552] e1000 0000:00:08.0 eth1: Intel(R) PRO/1000 Network Connection
[   19.228949] e1000 0000:00:03.0 enp0s3: renamed from eth0
[   19.381631] scsi target2:0:0: Ending Domain Validation
[   19.410614] scsi target2:0:0: asynchronous
[   19.417759] scsi 2:0:1:0: Direct-Access     VBOX     HARDDISK         1.0  PQ: 0 ANSI: 5
[   19.465651] e1000 0000:00:08.0 enp0s8: renamed from eth1
[   19.918388] scsi target2:0:1: Beginning Domain Validation
[   19.943961] scsi target2:0:1: Domain Validation skipping write tests
[   20.028377] scsi target2:0:1: Ending Domain Validation
[   20.107745] scsi target2:0:1: asynchronous
[   20.129518] sd 2:0:0:0: Attached scsi generic sg0 type 0
[   20.249411] sd 2:0:0:0: [sda] 20971520 512-byte logical blocks: (10.7 GB/10.0 GiB)
[   20.272296] sd 2:0:1:0: [sdb] 20480 512-byte logical blocks: (10.5 MB/10.0 MiB)
[   20.286608] sd 2:0:1:0: Attached scsi generic sg1 type 0
[   20.287671] sd 2:0:0:0: [sda] Write Protect is off
[   20.287849] sd 2:0:1:0: [sdb] Write Protect is off
[   20.287934] sd 2:0:1:0: [sdb] Incomplete mode parameter data
[   20.287935] sd 2:0:1:0: [sdb] Assuming drive cache: write through
[   20.339475] sd 2:0:1:0: [sdb] Attached SCSI disk
[   20.407151] sd 2:0:0:0: [sda] Incomplete mode parameter data
[   20.533151] sd 2:0:0:0: [sda] Assuming drive cache: write through
[   20.686618]  sda: sda1
[   20.698888] sd 2:0:0:0: [sda] Attached SCSI disk
Begin: Loading e[   22.390333] md: linear personality registered for level -1
ssential drivers[   22.531183] md: multipath personality registered for level -4
 ... [   22.641153] md: raid0 personality registered for level 0
[   22.670616] md: raid1 personality registered for level 1
[   22.923586] raid6: sse2x1   gen()  4502 MB/s
[   23.131787] raid6: sse2x1   xor()  3027 MB/s
[   23.331707] raid6: sse2x2   gen()  6250 MB/s
[   23.471734] raid6: sse2x2   xor()  5650 MB/s
[   23.552099] raid6: sse2x4   gen()  8698 MB/s
[   23.772261] raid6: sse2x4   xor()  4329 MB/s
[   23.964069] raid6: avx2x1   gen()  9099 MB/s
[   24.112083] raid6: avx2x2   gen() 11615 MB/s
[   24.195697] raid6: avx2x4   gen() 12749 MB/s
[   24.352413] raid6: using algorithm avx2x4 gen() 12749 MB/s
[   24.516394] raid6: using avx2x2 recovery algorithm
[   24.555245] xor: automatically using best checksumming function:
[   24.596062]    avx       : 21699.000 MB/sec
[   24.725788] async_tx: api initialized (async)
[   24.939807] md: raid6 personality registered for level 6
[   25.050325] md: raid5 personality registered for level 5
[   25.068284] md: raid4 personality registered for level 4
[   25.194892] md: raid10 personality registered for level 10
done.
Begin: Running /scripts/init-premount ... done.
Begin: Mounting root file system ... Begin: Ru[   25.298152] Btrfs loaded
nning /scripts/local-top ... done.
Begin: Running /scripts/local-premount ... Scanning for Btrfs filesystems
done.
Warning: fsck no[   25.409192] EXT4-fs (sda1): mounted filesystem with ordered data mode. Opts: (null)
t present, so skipping root file system
done.
Begin: Running /scripts/local-bottom ... done.
Begin: Running /scripts/init-bottom ... done.
[   25.778602] systemd[1]: systemd 229 running in system mode. (+PAM +AUDIT +SELINUX +IMA +APPARMOR +SMACK +SYSVINIT +UTMP +LIBCRYPTSETUP +GCRYPT +GNUTLS +ACL +XZ -LZ4 +SECCOMP +BLKID +ELFUTILS +KMOD -IDN)
[   26.015607] systemd[1]: Detected virtualization oracle.
[   26.108591] systemd[1]: Detected architecture x86-64.

Welcome to [1mUbuntu 16.04.6 LTS[0m!

[   26.257237] systemd[1]: Set hostname to <ubuntu>.
[   26.405823] systemd[1]: Initializing machine ID from random generator.
[   26.623706] systemd[1]: Installed transient /etc/machine-id file.
[   26.823856] random: nonblocking pool is initialized
[   27.164970] systemd[1]: Listening on Syslog Socket.
[[0;32m  OK  [0m] Listening on Syslog Socket.
[   27.290539] systemd[1]: Created slice System Slice.
[[0;32m  OK  [0m] Created slice System Slice.
[   27.369688] systemd[1]: Listening on LVM2 poll daemon socket.
[[0;32m  OK  [0m] Listening on LVM2 poll daemon socket.
[   27.660607] systemd[1]: Listening on Journal Audit Socket.
[[0;32m  OK  [0m] Listening on Journal Audit Socket.
[   27.714900] systemd[1]: Reached target User and Group Name Lookups.
[[0;32m  OK  [0m] Reached target User and Group Name Lookups.
[   27.734860] systemd[1]: Listening on LVM2 metadata daemon socket.
[[0;32m  OK  [0m] Listening on LVM2 metadata daemon socket.
[   27.801219] systemd[1]: Started Forward Password Requests to Wall Directory Watch.
[[0;32m  OK  [0m] Started Forward Password Requests to Wall Directory Watch.
[   28.055652] systemd[1]: Listening on Journal Socket (/dev/log).
[[0;32m  OK  [0m] Listening on Journal Socket (/dev/log).
[   28.244334] systemd[1]: Listening on Journal Socket.
[[0;32m  OK  [0m] Listening on Journal Socket.
[   28.359977] systemd[1]: Mounting Huge Pages File System...
         Mounting Huge Pages File System...
[   28.448033] systemd[1]: Starting Uncomplicated firewall...
         Starting Uncomplicated firewall...
[   28.624130] systemd[1]: Starting Journal Service...
         Starting Journal Service...
[   28.728083] systemd[1]: Starting Set console keymap...
         Starting Set console keymap...
[   28.799294] systemd[1]: Starting Load Kernel Modules...
         Startin[   28.863503] Loading iSCSI transport class v2.0-870.
g Load Kernel Modules...
[   29.033018] systemd[1]: Starting Remount Root and Kernel File Systems...
         Startin[   29.134024] EXT4-fs (sda1): re-mounted. Opts: (null)
g Remount Root and Kernel File Systems...
[   30.923156] systemd[1]: Reached target Encrypted Volumes.
[[0;32m  OK  [[   30.966992] iscsi: registered transport (tcp)
0m] Reached target Encrypted Volumes.
[   31.167971] systemd[1]: Starting Nameserver information manager...
         Starting Nameserver inf[   31.252971] iscsi: registered transport (iser)
ormation manager...
[   31.464229] systemd[1]: Set up automount Arbitrary Executable File Formats File System Automount Point.
[[0;32m  OK  [0m] Set up automount Arbitrary Executab...ats File System Automount Point.
[   31.742521] systemd[1]: Listening on udev Kernel Socket.
[[0;32m  OK  [0m] Listening on udev Kernel Socket.
[   31.856808] systemd[1]: Starting Create list of required static device nodes for the current kernel...
         Starting Create list of required st... nodes for the current kernel...
[   31.995822] systemd[1]: Started Trigger resolvconf update for networkd DNS.
[[0;32m  OK  [0m] Started Trigger resolvconf update for networkd DNS.
[   32.007696] systemd[1]: Mounting POSIX Message Queue File System...
         Mounting POSIX Message Queue File System...
[   32.183991] systemd[1]: Listening on udev Control Socket.
[[0;32m  OK  [0m] Listening on udev Control Socket.
[   32.327630] systemd[1]: Mounting Debug File System...
         Mounting Debug File System...
[   32.381271] systemd[1]: Created slice User and Session Slice.
[[0;32m  OK  [0m] Created slice User and Session Slice.
[   32.496658] systemd[1]: Reached target Slices.
[[0;32m  OK  [0m] Reached target Slices.
[   32.677120] systemd[1]: Listening on /dev/initctl Compatibility Named Pipe.
[[0;32m  OK  [0m] Listening on /dev/initctl Compatibility Named Pipe.
[   32.752391] systemd[1]: Listening on Device-mapper event daemon FIFOs.
[[0;32m  OK  [0m] Listening on Device-mapper event daemon FIFOs.
[   32.923806] systemd[1]: Starting Monitoring of LVM2 mirrors, snapshots etc. using dmeventd or progress polling...
         Starting Monitoring of LVM2 mirrors... dmeventd or progress polling...
[   33.066903] systemd[1]: Created slice system-serial\x2dgetty.slice.
[[0;32m  OK  [0m] Created slice system-serial\x2dgetty.slice.
[   33.240835] systemd[1]: Reached target Swap.
[[0;32m  OK  [0m] Reached target Swap.
[   33.292942] systemd[1]: Reached target System Time Synchronized.
[[0;32m  OK  [0m] Reached target System Time Synchronized.
[   33.337772] systemd[1]: Mounted Debug File System.
[[0;32m  OK  [0m] Mounted Debug File System.
[   33.401056] systemd[1]: Mounted Huge Pages File System.
[[0;32m  OK  [0m] Mounted Huge Pages File System.
[   33.452174] systemd[1]: Mounted POSIX Message Queue File System.
[[0;32m  OK  [0m] Mounted POSIX Message Queue File System.
[   33.596548] systemd[1]: Started Journal Service.
[[0;32m  OK  [0m] Started Journal Service.
[[0;32m  OK  [0m] Started Uncomplicated firewall.
[[0;32m  OK  [0m] Started Set console keymap.
[[0;32m  OK  [0m] Started Load Kernel Modules.
[[0;32m  OK  [0m] Started Remount Root and Kernel File Systems.
[[0;32m  OK  [0m] Started Create list of required sta...ce nodes for the current kernel.
[[0;32m  OK  [0m] Started Nameserver information manager.
[[0;32m  OK  [0m] Started LVM2 metadata daemon.
         Starting Create Static Device Nodes in /dev...
         Starting Load/Save Random Seed...
         Starting udev Coldplug all Devices...
         Mounting FUSE Control File System...
         Starting Apply Kernel Variables...
         Starting Flush Journal to Persistent Storage...
[[0;32m  OK  [0m] Mounted FUSE Control File System.
[[0;32m  OK  [0m] Started Monitoring of LVM2 mirrors,...ng dmeventd or progress polling.
[[0;32m  OK  [0m] Started Create Static Device Nodes in /dev.
[[0;32m  OK  [0m] Started Load/Save Random Seed.
[[0;32m  OK  [0m] Started Apply Kernel Variables.
[[0;32m  OK  [0m] Started udev Coldplug all Devices.
         Starting udev Kernel Device Manager...
[[0;32m  OK  [0m] Reached target Local File Systems (Pre).
[[0;32m  OK  [0m] Reached target Local File Systems.
         Starting Set console font and keymap...
         Starting LSB: AppArmor initialization...
         Starting Initial cloud-init job (pre-networking)...
         Starting Tell Plymouth To Write Out Runtime Data...
         Starting Commit a transient machine-id on disk...
[[0;32m  OK  [0m] Started udev Kernel Device Manager.
[[0;32m  OK  [0m] Started Flush Journal to Persistent Storage.
[[0;32m  OK  [0m] Started Tell Plymouth To Write Out Runtime Data.
[[0;32m  OK  [0m] Started Commit a transient machine-id on disk.
[   26.360720] cloud-init[512]: Cloud-init v. 19.2-36-g059d049c-0ubuntu2~16.04.1 running 'init-local' at Tue, 17 Dec 2019 11:38:38 +0000. Up 25.90 seconds.
[[0;32m  OK  [0m] Started Set console font and keymap.
[[0;32m  OK  [0m] Started Initial cloud-init job (pre-networking).
[[0;32m  OK  [0m] Found device /dev/ttyS0.
[[0;32m  OK  [0m] Listening on Load/Save RF Kill Switch Status /dev/rfkill Watch.
[[0;32m  OK  [0m] Reached target Network (Pre).
[[0;32m  OK  [0m] Created slice system-getty.slice.
         Starting Create Volatile Files and Directories...
[[0;32m  OK  [0m] Started Dispatch Password Requests to Console Directory Watch.
[[0;32m  OK  [0m] Started Create Volatile Files and Directories.
         Starting Update UTMP about System Boot/Shutdown...
[[0;32m  OK  [0m] Started Update UTMP about System Boot/Shutdown.
[[0;32m  OK  [0m] Started LSB: AppArmor initialization.
         Starting Raise network interfaces...
[[0;32m  OK  [0m] Started Raise network interfaces.
         Starting Initial cloud-init job (metadata service crawler)...
[[0;32m  OK  [0m] Reached target Network.
[   29.415156] cloud-init[953]: Cloud-init v. 19.2-36-g059d049c-0ubuntu2~16.04.1 running 'init' at Tue, 17 Dec 2019 11:38:41 +0000. Up 28.62 seconds.
[[   29.584701] cloud-init[953]: ci-info: ++++++++++++++++++++++++++++++++++++++Net device info+++++++++++++++++++++++++++++++++++++++
[   29.585774] cloud-init[953]: ci-info: +--------+-------+----------------------------+---------------+--------+-------------------+
[   29.586076] cloud-init[953]: ci-info: | Device |   Up  |          Address           |      Mask     | Scope  |     Hw-Address    |
[   29.586293] cloud-init[953]: ci-info: +--------+-------+----------------------------+---------------+--------+-------------------+
[   29.586497] cloud-init[953]: ci-info: | enp0s3 |  True |         10.0.2.15          | 255.255.255.0 | global | 02:4f:25:6a:cc:77 |
[   29.586700] cloud-init[953]: ci-info: | enp0s3 |  True | fe80::4f:25ff:fe6a:cc77/64 |       .       |  link  | 02:4f:25:6a:cc:77 |
[   29.586979] cloud-init[953]: ci-info: | enp0s8 | False |             .              |       .       |   .    | 08:00:27:d3:16:1f |
[   29.587197] cloud-init[953]: ci-info: |   lo   |  True |         127.0.0.1          |   255.0.0.0   |  host  |         .         |
[   29.587400] cloud-init[953]: ci-info: |   lo   |  True |          ::1/128           |       .       |  host  |         .         |
[   29.587613] cloud-init[953]: ci-info: +--------+-------+----------------------------+---------------+--------+-------------------+
[0;32m  OK  [0m] Started Initial cloud-init job (metadata service crawler).
[   29.588650] cloud-init[953]: ci-info: +++++++++++++++++++++++++++Route IPv4 info++++++++++++++++++++++++++++
[   30.857093] cloud-init[953]: ci-info: +-------+-------------+----------+---------------+-----------+-------+
[   31.026308] cloud-init[953]: ci-info: | Route | Destination | Gateway  |    Genmask    | Interface | Flags |
[[0;32m  OK  [0m] Reached target System Initialization.
[[0;32m  OK  [0m] Listening on UUID daemon activation socket.
[[0;32m  OK  [0m] Started Message of the Day.
[   31.049437] cloud-init[953]: ci-info: +-------+-------------+----------+---------------+-----------+-------+
[   31.189012] cloud-init[953]: ci-info: |   0   |   0.0.0.0   | 10.0.2.2 |    0.0.0.0    |   enp0s3  |   UG  |
         Starting LXD - unix socket.
[   31.293962] cloud-init[953]: ci-info: |   1   |   10.0.2.0  | 0.0.0.0  | 255.255.255.0 |   enp0s3  |   U   |
[   31.325555] cloud-init[953]: ci-info: +-------+-------------+----------+---------------+-----------+-------+
[[0;32m  OK  [0m[   31.432401] cloud-init[953]: ci-info: +++++++++++++++++++Route IPv6 info+++++++++++++++++++
[   31.432458] cloud-init[953]: ci-info: +-------+-------------+---------+-----------+-------+
[   31.432505] cloud-init[953]: ci-info: | Route | Destination | Gateway | Interface | Flags |
[   31.432534] cloud-init[953]: ci-info: +-------+-------------+---------+-----------+-------+
[   31.432592] cloud-init[953]: ci-info: |   0   |  fe80::/64  |    ::   |   enp0s3  |   U   |
[   31.432694] cloud-init[953]: ci-info: |   3   |   ff00::/8  |    ::   |   enp0s3  |   U   |
[   31.432743] cloud-init[953]: ci-info: +-------+-------------+---------+-----------+-------+
[   31.432789] cloud-init[953]: Generating public/private rsa key pair.
[   31.432831] cloud-init[953]: Your identification has been saved in /etc/ssh/ssh_host_rsa_key.
[   31.432876] cloud-init[953]: Your public key has been saved in /etc/ssh/ssh_host_rsa_key.pub.
[   31.432948] cloud-init[953]: The key fingerprint is:
[   31.432982] cloud-init[953]: SHA256:TPHUCo6OZSkf5svmtrieDFCe+yP/PAEKaFKxx6vnjEI root@ubuntu-xenial
[   31.433046] cloud-init[953]: The key's randomart image is:
[   31.433075] cloud-init[953]: +---[RSA 2048]----+
[   31.433156] cloud-init[953]: |  ..    . ..     |
[   31.433227] cloud-init[953]: |  .o    .+  .    |
[   31.433299] cloud-init[953]: |..o o  +....     |
[   31.433351] cloud-init[953]: |++ oo.Bo. .      |
[   31.433407] cloud-init[953]: |+.o..@ .S        |
[   31.433505] cloud-init[953]: | E.o. =          |
[   31.433573] cloud-init[953]: |. + .. o         |
[   31.433637] cloud-init[953]: |. .O.+*          |
[   31.433702] cloud-init[953]: | ..+@B=o         |
[   31.433768] cloud-init[953]: +----[SHA256]-----+
[   31.433809] cloud-init[953]: Generating public/private dsa key pair.
[   31.433848] cloud-init[953]: Your identification has been saved in /etc/ssh/ssh_host_dsa_key.
[   31.434225] cloud-init[953]: Your public key has been saved in /etc/ssh/ssh_host_dsa_key.pub.
[   31.434308] cloud-init[953]: The key fingerprint is:
[   31.434339] cloud-init[953]: SHA256:MttbnNSlNG9amPn0dPHoYp4Cn2aw8sHh9rk4KaCnPDQ root@ubuntu-xenial
[   31.434393] cloud-init[953]: The key's randomart image is:
[   31.434420] cloud-init[953]: +---[DSA 1024]----+
[   31.434473] cloud-init[953]: |                 |
[   31.434501] cloud-init[953]: |                 |
[   31.434552] cloud-init[953]: |            o .. |
[   31.434578] cloud-init[953]: |           o O .o|
[   31.434634] cloud-init[953]: |      o S . * * +|
[   31.434662] cloud-init[953]: |  E .  Bo+ . B o.|
[   31.434717] cloud-init[953]: | . o .. **+.+ o .|
[   31.434759] cloud-init[953]: | .o . o.+**+ o   |
[   31.434847] cloud-init[953]: |  o+   ++++oo    |
[   31.434972] cloud-init[953]: +----[SHA256]-----+
[   31.435023] cloud-init[953]: Generating public/private ecdsa key pair.
[   31.435059] cloud-init[953]: Your identification has been saved in /etc/ssh/ssh_host_ecdsa_key.
[   31.435125] cloud-init[953]: Your public key has been saved in /etc/ssh/ssh_host_ecdsa_key.pub.
[   31.435198] cloud-init[953]: The key fingerprint is:
[   31.435243] cloud-init[953]: SHA256:ReAhmxIeU1iwQO+WC0w5OqCj0bfhLyqVoUwDI76/bZU root@ubuntu-xenial
[   31.435320] cloud-init[953]: The key's randomart image is:
[   31.435376] cloud-init[953]: +---[ECDSA 256]---+
[   31.435442] cloud-init[953]: | .o ==+ o..      |
[   31.435515] cloud-init[953]: |+  =.= = o       |
[   31.435558] cloud-init[953]: |=.+ = o . .      |
[   31.435634] cloud-init[953]: |oO.o o   .       |
[   31.435691] cloud-init[953]: |O.*o*   S        |
[   31.435754] cloud-init[953]: |o*o= + E         |
[   31.435828] cloud-init[953]: |... + .          |
[   31.435930] cloud-init[953]: |.  .oo           |
[   31.435992] cloud-init[953]: | ..ooo.          |
[   31.436055] cloud-init[953]: +----[SHA256]-----+
[   31.436131] cloud-init[953]: Generating public/private ed25519 key pair.
[   31.436192] cloud-init[953]: Your identification has been saved in /etc/ssh/ssh_host_ed25519_key.
[   31.436250] cloud-init[953]: ] Started ACPI Events Check.
[[0;32m  OK  [0m] Reached target Paths.
         Starting Socket activation for snappy daemon.
[[0;32m  OK  [0m] Listening on D-Bus System Message Bus Socket.
Your public key has been saved in /etc/ssh/ssh_host_ed25519_key.pub.
[   33.380498] cloud-init[953]: The key fingerprint is:
[   33.381093] cloud-init[953]: SHA256:gwdNdZjAieNUt6um38ERU+YJt8Wj4nsFOgxT913Z6/Q root@ubuntu-xenial
[[0;32m  OK  [0m] Started Daily apt download activities.
[[   33.381833] cloud-init[953]: The key's randomart image is:
[   33.430214] cloud-init[953]: +--[ED25519 256]--+
[   33.430302] cloud-init[953]: |       ++++o=.. o|
[   33.430547] cloud-init[953]: |      +oo.+O.+o.o|
[   33.430871] cloud-init[953]: |     o....+.+o oo|
[   33.431093] cloud-init[953]: |      .oo .+o .o.|
[   33.431205] cloud-init[953]: |      . S=oo .o .|
[   33.431322] cloud-init[953]: |       . +=.  ..E|
[   33.431586] cloud-init[953]: |        o oo .   |
[0;32m  OK  [0m] Started Daily apt upgrade and clean activities.
[[   33.431722] cloud-init[953]: |       o ....    |
[   33.773160] cloud-init[953]: |      ... ..     |
[   33.773391] cloud-init[953]: +----[SHA256]-----+
[0;32m  OK  [0m] Started Daily Cleanup of Temporary Directories.
[[0;32m  OK  [0m] Reached target Timers.
[[0;32m  OK  [0m] Listening on ACPID Listen Socket.
[[0;32m  OK  [0m] Reached target Network is Online.
         Starting iSCSI initiator daemon (iscsid)...
[[0;32m  OK  [0m] Reached target Cloud-config availability.
[[0;32m  OK  [0m] Listening on LXD - unix socket.
[[0;32m  OK  [0m] Listening on Socket activation for snappy daemon.
[[0;32m  OK  [0m] Reached target Sockets.
[[0;32m  OK  [0m] Reached target Basic System.
         Starting Pollinate to seed the pseudo random number generator...
         Starting LSB: Record successful boot for GRUB...
         Starting Login Service...
         Starting LSB: MD monitoring daemon...
[[0;32m  OK  [0m] Started ACPI event daemon.
         Starting Accounts Service...
[[0;32m  OK  [0m] Started Deferred execution scheduler.
         Starting System Logging Service...
[[0;32m  OK  [0m] Started Regular background program processing daemon.
[[0;32m  OK  [0m] Started FUSE filesystem for LXC.
         Starting /etc/rc.local Compatibility...
         Starting Snappy daemon...
         Starting Virtualbox guest utils...
[[0;32m  OK  [0m] Started D-Bus System Message Bus.
         Starting LXD - container startup/shutdown...
[[0;32m  OK  [0m] Started System Logging Service.
[[0;32m  OK  [0m] Started iSCSI initiator daemon (iscsid).
[[0;32m  OK  [0m] Started /etc/rc.local Compatibility.
[[0;32m  OK  [0m] Started LXD - container startup/shutdown.
[[0;32m  OK  [0m] Started Snappy daemon.
[[0;32m  OK  [0m] Started LSB: Record successful boot for GRUB.
[[0;32m  OK  [0m] Started LSB: MD monitoring daemon.
[[0;32m  OK  [0m] Started Pollinate to seed the pseudo random number generator.
[[0;32m  OK  [0m] Started Login Service.
[[0;32m  OK  [0m] Started Unattended Upgrades Shutdown.
         Starting Authenticate and Authorize Users to Run Privileged Tasks...
         Starting OpenBSD Secure Shell server...
         Starting Wait until snapd is fully seeded...
         Starting Login to default iSCSI targets...
[[0;32m  OK  [0m] Started Virtualbox guest utils.
[[0;32m  OK  [0m] Started Authenticate and Authorize Users to Run Privileged Tasks.
[[0;32m  OK  [0m] Started OpenBSD Secure Shell server.
[[0;32m  OK  [0m] Started Accounts Service.
[[0;32m  OK  [0m] Started Login to default iSCSI targets.
[[0;32m  OK  [0m] Reached target Remote File Systems (Pre).
[[0;32m  OK  [0m] Reached target Remote File Systems.
         Starting LSB: Set the CPU Frequency Scaling governor to "ondemand"...
         Starting LSB: automatic crash report generation...
         Starting Permit User Sessions...
         Starting LSB: daemon to balance interrupts for SMP systems...
[[0;32m  OK  [0m] Started Permit User Sessions.
[[0;32m  OK  [0m] Started LSB: Set the CPU Frequency Scaling governor to "ondemand".
[[0;32m  OK  [0m] Started LSB: automatic crash report generation.
[[0;32m  OK  [0m] Created slice User Slice of vagrant.
[[0;32m  OK  [0m] Started Session 1 of user vagrant.
         Starting User Manager for UID 1000...
         Starting Hold until boot process finishes up...
         Starting Terminate Plymouth Boot Screen...
[[0;32m  OK  [0m] Started User Manager for UID 1000.
[[0;32m  OK  [0m] Started LSB: daemon to balance interrupts for SMP systems.
[[0;32m  OK  [0m] Started Hold until boot process finishes up.
[[0;32m  OK  [0m] Started Terminate Plymouth Boot Screen.
[[0;32m  OK  [0m] Started Getty on tty1.
         Starting Set console scheme...
[[0;32m  OK  [0m] Started Serial Getty on ttyS0.
[[0;32m  OK  [0m] Reached target Login Prompts.
[[0;32m  OK  [0m] Started Set console scheme.
[[0;32m  OK  [0m] Started Wait until snapd is fully seeded.
         Starting Apply the settings specified in cloud-config...
[[0;32m  OK  [0m] Reached target Multi-User System.
[[0;32m  OK  [0m] Reached target Graphical Interface.
         Starting Update UTMP about System Runlevel Changes...
[[0;32m  OK  [0m] Started Update UTMP about System Runlevel Changes.
[   37.524991] cloud-init[1361]: Generating locales (this might take a while)...
[   38.986543] cloud-init[1361]:   en_US.UTF-8... done
[   39.027647] cloud-init[1361]: Generation complete.
[   39.413805] cloud-init[1361]: Cloud-init v. 19.2-36-g059d049c-0ubuntu2~16.04.1 running 'modules:config' at Tue, 17 Dec 2019 11:38:50 +0000. Up 37.34 seconds.
[[0;32m  OK  [0m] Started Apply the settings specified in cloud-config.
         Starting Execute cloud user/final scripts...
ci-info: no authorized ssh keys fingerprints found for user ubuntu.
<14>Dec 17 11:38:53 ec2: 
<14>Dec 17 11:38:53 ec2: #############################################################
<14>Dec 17 11:38:53 ec2: -----BEGIN SSH HOST KEY FINGERPRINTS-----
<14>Dec 17 11:38:53 ec2: 1024 SHA256:MttbnNSlNG9amPn0dPHoYp4Cn2aw8sHh9rk4KaCnPDQ root@ubuntu-xenial (DSA)
<14>Dec 17 11:38:53 ec2: 256 SHA256:ReAhmxIeU1iwQO+WC0w5OqCj0bfhLyqVoUwDI76/bZU root@ubuntu-xenial (ECDSA)
<14>Dec 17 11:38:53 ec2: 256 SHA256:gwdNdZjAieNUt6um38ERU+YJt8Wj4nsFOgxT913Z6/Q root@ubuntu-xenial (ED25519)
<14>Dec 17 11:38:53 ec2: 2048 SHA256:TPHUCo6OZSkf5svmtrieDFCe+yP/PAEKaFKxx6vnjEI root@ubuntu-xenial (RSA)
<14>Dec 17 11:38:53 ec2: -----END SSH HOST KEY FINGERPRINTS-----
<14>Dec 17 11:38:53 ec2: #############################################################
-----BEGIN SSH HOST KEY KEYS-----
ecdsa-sha2-nistp256 AAAAE2VjZHNhLXNoYTItbmlzdHAyNTYAAAAIbmlzdHAyNTYAAABBBHglX1X/03GVS4y238K8gXM6jmC8syk8QVGSb2pmw1HyRzOP3v9+zheiASdsQ1vTNosa2ZGcI+AlqYkIcF2tOFs= root@ubuntu-xenial
ssh-ed25519 AAAAC3NzaC1lZDI1NTE5AAAAIE7SZKVqCKXJnKF0KZuToSc6wJ+mbXJK2A6C8OhssE9z root@ubuntu-xenial
ssh-rsa AAAAB3NzaC1yc2EAAAADAQABAAABAQCuyLTGLXj4JoYtiZatnvP/hxzFOj2hQCLJOKcEZPWUSFAM3sfW3NNlkaVqwLAguScn4hGiEQhFrZEy3IYH21CjQdGadO203YV5VOMRHJMM3gQ1MHvQNtD6uEnINfJbH8HJSb8DAC9Pxsst7bqh+f9/BXdQ6RoIIvJrX14J1/VHaBQZYZEpVEsdN4zkhGzQQxsNwlbGjyK64+t84NipVwQhKkj7NM0CmokNlQF5N/2753dIKZrgP7WjjBjLK8730QLSPGzsiigrGT6U1tBWAkqukkF+zNC5PDUx15MOFirvHgXt7radxncHa7+xp8QOFfdzKkslFbeEEoewNl1i8S0F root@ubuntu-xenial
-----END SSH HOST KEY KEYS-----
[   41.483476] cloud-init[1538]: Cloud-init v. 19.2-36-g059d049c-0ubuntu2~16.04.1 running 'modules:final' at Tue, 17 Dec 2019 11:38:52 +0000. Up 39.97 seconds.
[   41.521006] cloud-init[1538]: ci-info: no authorized ssh keys fingerprints found for user ubuntu.
[   41.522691] cloud-init[1538]: Cloud-init v. 19.2-36-g059d049c-0ubuntu2~16.04.1 finished at Tue, 17 Dec 2019 11:38:54 +0000. Datasource DataSourceNoCloud [seed=/dev/sdb][dsmode=net].  Up 41.47 seconds

Ubuntu 16.04.6 LTS ubuntu-xenial ttyS0

ubuntu-xenial login: 